[debug] [2019-04-10T11:33:08.974Z] ----------------------------------------------------------------------
[debug] [2019-04-10T11:33:08.981Z] Command:       C:\Program Files\nodejs\node.exe C:\Users\HP\AppData\Roaming\npm\node_modules\firebase-tools\lib\bin\firebase.js serve --only functions
[debug] [2019-04-10T11:33:08.982Z] CLI Version:   6.5.0
[debug] [2019-04-10T11:33:08.982Z] Platform:      win32
[debug] [2019-04-10T11:33:08.982Z] Node Version:  v10.14.1
[debug] [2019-04-10T11:33:08.985Z] Time:          Wed Apr 10 2019 16:33:08 GMT+0500 (Pakistan Standard Time)
[debug] [2019-04-10T11:33:08.985Z] ----------------------------------------------------------------------
[debug] 
[debug] [2019-04-10T11:33:09.007Z] > command requires scopes: ["email","openid","https://www.googleapis.com/auth/cloudplatformprojects.readonly","https://www.googleapis.com/auth/firebase","https://www.googleapis.com/auth/cloud-platform"]
[debug] [2019-04-10T11:33:09.008Z] > authorizing via signed-in user
[debug] [2019-04-10T11:33:09.009Z] [iam] checking project m2bshop-d76be for permissions ["firebase.projects.get"]
[debug] [2019-04-10T11:33:09.013Z] >>> HTTP REQUEST POST https://cloudresourcemanager.googleapis.com/v1/projects/m2bshop-d76be:testIamPermissions  

[debug] [2019-04-10T11:33:10.898Z] <<< HTTP RESPONSE 200
[debug] [2019-04-10T11:33:10.902Z] >>> HTTP REQUEST GET https://cloudresourcemanager.googleapis.com/v1/projects/m2bshop-d76be  
 
[debug] [2019-04-10T11:33:12.447Z] <<< HTTP RESPONSE 200
[info] 
[info] === Serving from 'C:\M2b\m2b'...
[info] 
[info] i  functions: Preparing to emulate functions.
[debug] [2019-04-10T11:33:14.247Z] Fetching environment
[debug] [2019-04-10T11:33:14.251Z] >>> HTTP REQUEST GET https://mobilesdk-pa.googleapis.com/v1/projects/301109751242:getServerAppConfig  
 
[debug] [2019-04-10T11:33:14.902Z] <<< HTTP RESPONSE 200
[debug] [2019-04-10T11:33:14.903Z] Starting @google-cloud/functions-emulator
[debug] [2019-04-10T11:33:17.485Z] Parsing function triggers
[info] +  functions: mailService: http://localhost:5000/m2bshop-d76be/us-central1/mailService
[info] +  functions: userDelete: http://localhost:5000/m2bshop-d76be/us-central1/userDelete
